2025-09-05 21:29:20,852 [INFO] Fetched (Records) http://ufcstats.com/fighter-details/59a9d6dac61c2540 successfuly
2025-09-05 21:29:20,853 [INFO] Fetched (Records) http://ufcstats.com/fighter-details/4961467134abd8be successfuly
2025-09-05 21:29:20,854 [INFO] Fetched (Records) http://ufcstats.com/fighter-details/93fe7332d16c6ad9 successfuly
2025-09-05 21:29:20,854 [INFO] Fetched (Records) http://ufcstats.com/fighter-details/15df64c02b6b0fde successfuly
2025-09-05 21:29:20,855 [INFO] Fetched (Records) http://ufcstats.com/fighter-details/b361180739bed4b0 successfuly
2025-09-05 21:29:21,587 [INFO] successfully got the event url and weight class of the fight of Danny Abbadi vs Jorge Gurgel in event date September 23, 2006
2025-09-05 21:29:21,643 [INFO] successfully got the event url and weight class of the fight of David Abbott vs Wesley Correira in event date November 21, 2003
2025-09-05 21:29:21,730 [INFO] Fetched (Records) http://ufcstats.com/fighter-details/3329d692aea4dc28 successfuly
2025-09-05 21:29:21,777 [INFO] Fetched (Records) http://ufcstats.com/fighter-details/841695e02c99a521 successfuly
2025-09-05 21:29:21,828 [INFO] successfully got the event url and weight class of the fight of Tom Aaron vs Matt Ricehouse in event date December 04, 2010
2025-09-05 21:29:22,371 [INFO] successfully got the event url and weight class of the fight of David Abbott vs Kimo Leopoldo in event date June 06, 2003
2025-09-05 21:29:22,408 [INFO] successfully got the event url and weight class of the fight of Danny Abbadi vs Kalib Starnes in event date June 24, 2006
2025-09-05 21:29:22,582 [INFO] successfully got the event url and weight class of the fight of Hamdy Abdelwahab vs Mohammed Usman in event date June 21, 2025
2025-09-05 21:29:22,621 [INFO] successfully got the event url and weight class of the fight of Mansur Abdul-Malik vs Cody Brundage in event date June 14, 2025
2025-09-05 21:29:22,752 [INFO] Fetched (Records) http://ufcstats.com/fighter-details/2f5cbecbbe18bac4 successfuly
2025-09-05 21:29:22,964 [INFO] successfully got the event url and weight class of the fight of David Abbott vs Frank Mir in event date February 28, 2003
2025-09-05 21:29:23,165 [INFO] Fetched (Records) http://ufcstats.com/fighter-details/c0ed7b208197e8de successfuly
2025-09-05 21:29:23,381 [INFO] successfully got the event url and weight class of the fight of Mansur Abdul-Malik vs Nick Klein in event date February 22, 2025
2025-09-05 21:29:23,402 [INFO] successfully got the event url and weight class of the fight of Hamdy Abdelwahab vs Jamal Pogues in event date February 01, 2025
2025-09-05 21:29:23,536 [INFO] successfully got the event url and weight class of the fight of David Abbott vs Pedro Rizzo in event date October 16, 1998
2025-09-05 21:29:23,568 [INFO] successfully got the event url and weight class of the fight of Shamil Abdurakhimov vs Jailton Almeida in event date January 21, 2023
2025-09-05 21:29:24,100 [INFO] successfully got the event url and weight class of the fight of Mansur Abdul-Malik vs Dusko Todorovic in event date November 09, 2024
2025-09-05 21:29:24,119 [INFO] Fetched (Records) http://ufcstats.com/fighter-details/5140122c3eecd307 successfuly
2025-09-05 21:29:24,374 [INFO] successfully got the event url and weight class of the fight of Shamil Abdurakhimov vs Sergei Pavlovich in event date March 19, 2022
2025-09-05 21:29:24,388 [INFO] successfully got the event url and weight class of the fight of Hamdy Abdelwahab vs Don'Tale Mayes in event date July 30, 2022
2025-09-05 21:29:24,393 [INFO] successfully got the event url and weight class of the fight of David Abbott vs Hugo Duarte in event date May 15, 1998
2025-09-05 21:29:25,021 [INFO] successfully got the event url and weight class of the fight of David Abbott vs Yoji Anjo in event date December 21, 1997
2025-09-05 21:29:25,039 [INFO] Fetched (Records) http://ufcstats.com/fighter-details/c9f6385af6df66d7 successfuly
2025-09-05 21:29:25,039 [INFO] Fetched (Records) http://ufcstats.com/fighter-details/aa6e591c2a2cdecd successfuly
2025-09-05 21:29:25,180 [INFO] successfully got the event url and weight class of the fight of Shamil Abdurakhimov vs Chris Daukaus in event date September 25, 2021
2025-09-05 21:29:25,232 [INFO] successfully got the event url and weight class of the fight of Daichi Abe vs Li Jingliang in event date June 23, 2018
2025-09-05 21:29:25,952 [INFO] successfully got the event url and weight class of the fight of David Abbott vs Maurice Smith in event date October 17, 1997
2025-09-05 21:29:26,148 [INFO] successfully got the event url and weight class of the fight of Ricardo Abreu vs Jake Collier in event date June 06, 2015
2025-09-05 21:29:26,155 [INFO] successfully got the event url and weight class of the fight of Shamil Abdurakhimov vs Curtis Blaydes in event date September 07, 2019
2025-09-05 21:29:26,167 [INFO] successfully got the event url and weight class of the fight of Papy Abedi vs Dylan Andrews in event date August 28, 2013
2025-09-05 21:29:26,205 [INFO] successfully got the event url and weight class of the fight of Daichi Abe vs Luke Jumeau in event date February 10, 2018
2025-09-05 21:29:26,722 [INFO] successfully got the event url and weight class of the fight of David Abbott vs Vitor Belfort in event date May 30, 1997
2025-09-05 21:29:26,785 [INFO] successfully got the event url and weight class of the fight of Daichi Abe vs Hyun Gyu Lim in event date September 22, 2017
2025-09-05 21:29:27,000 [INFO] successfully got the event url and weight class of the fight of Papy Abedi vs Besam Yousef in event date April 06, 2013
2025-09-05 21:29:27,023 [INFO] successfully got the event url and weight class of the fight of Ricardo Abreu vs Wagner Silva in event date May 31, 2014
2025-09-05 21:29:27,101 [INFO] successfully got the event url and weight class of the fight of Shamil Abdurakhimov vs Marcin Tybura in event date April 20, 2019
2025-09-05 21:29:27,680 [INFO] Fetched (Records) http://ufcstats.com/fighter-details/f689bd7bbd14b392 successfuly
2025-09-05 21:29:27,775 [INFO] Fetched (Records) http://ufcstats.com/fighter-details/7279654c7674cd24 successfuly
2025-09-05 21:29:27,833 [INFO] successfully got the event url and weight class of the fight of David Abbott vs Don Frye in event date December 07, 1996
2025-09-05 21:29:28,019 [INFO] successfully got the event url and weight class of the fight of Shamil Abdurakhimov vs Andrei Arlovski in event date September 15, 2018
2025-09-05 21:29:28,032 [INFO] successfully got the event url and weight class of the fight of Papy Abedi vs James Head in event date April 14, 2012
2025-09-05 21:29:28,621 [INFO] Fetched (Records) http://ufcstats.com/fighter-details/1c5879330d42255f successfuly
2025-09-05 21:29:28,892 [INFO] successfully got the event url and weight class of the fight of Klidson Abreu vs Jamahal Hill in event date May 30, 2020
2025-09-05 21:29:28,896 [INFO] successfully got the event url and weight class of the fight of David Abbott vs Steve Nelmark in event date December 07, 1996
2025-09-05 21:29:28,935 [INFO] successfully got the event url and weight class of the fight of Shamil Abdurakhimov vs Chase Sherman in event date November 25, 2017
2025-09-05 21:29:28,950 [INFO] successfully got the event url and weight class of the fight of Papy Abedi vs Thiago Alves in event date November 05, 2011
2025-09-05 21:29:29,662 [INFO] successfully got the event url and weight class of the fight of Shamil Abdurakhimov vs Derrick Lewis in event date December 09, 2016
2025-09-05 21:29:29,670 [INFO] successfully got the event url and weight class of the fight of Klidson Abreu vs Shamil Gamzatov in event date November 09, 2019
2025-09-05 21:29:29,858 [INFO] Fetched (Records) http://ufcstats.com/fighter-details/989b85f6540c86b1 successfuly
2025-09-05 21:29:29,858 [INFO] Fetched (Records) http://ufcstats.com/fighter-details/2620f3eb21c79614 successfuly
2025-09-05 21:29:30,487 [INFO] successfully got the event url and weight class of the fight of Scott Adams vs Ian Freeman in event date March 10, 2000
2025-09-05 21:29:30,645 [INFO] successfully got the event url and weight class of the fight of Shamil Abdurakhimov vs Walt Harris in event date October 01, 2016
2025-09-05 21:29:30,652 [INFO] successfully got the event url and weight class of the fight of Klidson Abreu vs Sam Alvey in event date July 20, 2019
2025-09-05 21:29:30,745 [INFO] Fetched (Records) http://ufcstats.com/fighter-details/83b00f7597e5ac83 successfuly
2025-09-05 21:29:31,383 [INFO] successfully got the event url and weight class of the fight of Klidson Abreu vs Magomed Ankalaev in event date February 23, 2019
2025-09-05 21:29:31,395 [INFO] successfully got the event url and weight class of the fight of Shamil Abdurakhimov vs Anthony Hamilton in event date February 21, 2016
2025-09-05 21:29:31,470 [INFO] Fetched (Records) http://ufcstats.com/fighter-details/a77633a989013265 successfuly
2025-09-05 21:29:31,831 [INFO] successfully got the event url and weight class of the fight of David Abbott vs Cal Worsham in event date December 07, 1996
2025-09-05 21:29:31,858 [INFO] successfully got the event url and weight class of the fight of Juan Adams vs Justin Tafa in event date February 08, 2020
2025-09-05 21:29:31,956 [INFO] successfully got the event url and weight class of the fight of Shamil Abdurakhimov vs Timothy Johnson in event date April 04, 2015
2025-09-05 21:29:32,303 [INFO] Fetched (Records) http://ufcstats.com/fighter-details/79cb2a690b9ba5e8 successfuly
2025-09-05 21:29:32,478 [INFO] successfully got the event url and weight class of the fight of Juan Adams vs Greg Hardy in event date July 20, 2019
2025-09-05 21:29:32,886 [INFO] Fetched (Records) http://ufcstats.com/fighter-details/0e9869d712e81f8f successfuly
2025-09-05 21:29:32,980 [INFO] Fetched (Records) http://ufcstats.com/fighter-details/1338e2c7480bdf9e successfuly
2025-09-05 21:29:32,988 [INFO] successfully got the event url and weight class of the fight of David Abbott vs Scott Ferrozzo in event date September 20, 1996
2025-09-05 21:29:33,250 [INFO] successfully got the event url and weight class of the fight of Zarrukh Adashev vs Ode Osbourne in event date June 04, 2022
2025-09-05 21:29:33,372 [INFO] successfully got the event url and weight class of the fight of Juan Adams vs Arjan Bhullar in event date May 04, 2019
2025-09-05 21:29:33,560 [INFO] successfully got the event url and weight class of the fight of Sam Adkins vs David Abbott in event date September 20, 1996
2025-09-05 21:29:33,620 [INFO] successfully got the event url and weight class of the fight of David Abbott vs Sam Adkins in event date September 20, 1996
2025-09-05 21:29:33,667 [INFO] successfully got the event url and weight class of the fight of Israel Adesanya vs Nassourdine Imavov in event date February 01, 2025
2025-09-05 21:29:33,921 [INFO] successfully got the event url and weight class of the fight of Juan Adams vs Chris de la Rocha in event date December 15, 2018
2025-09-05 21:29:33,971 [INFO] successfully got the event url and weight class of the fight of Zarrukh Adashev vs Ryan Benoit in event date July 31, 2021
2025-09-05 21:29:34,081 [INFO] successfully got the event url and weight class of the fight of Sam Adkins vs Felix Lee Mitchell in event date July 12, 1996
2025-09-05 21:29:34,168 [INFO] successfully got the event url and weight class of the fight of David Abbott vs Dan Severn in event date December 16, 1995
2025-09-05 21:29:34,271 [INFO] successfully got the event url and weight class of the fight of Israel Adesanya vs Dricus Du Plessis in event date August 17, 2024
2025-09-05 21:29:34,542 [INFO] successfully got the event url and weight class of the fight of Zarrukh Adashev vs Sumudaerji in event date January 20, 2021
2025-09-05 21:29:34,592 [INFO] successfully got the event url and weight class of the fight of David Abbott vs Steve Jennum in event date December 16, 1995
2025-09-05 21:29:34,619 [INFO] Fetched (Records) http://ufcstats.com/fighter-details/7a846fcbf182a7c8 successfuly
2025-09-05 21:29:34,664 [INFO] successfully got the event url and weight class of the fight of Sam Adkins vs Don Frye in event date February 16, 1996
2025-09-05 21:29:34,918 [INFO] successfully got the event url and weight class of the fight of Israel Adesanya vs Sean Strickland in event date September 09, 2023
2025-09-05 21:29:34,971 [INFO] successfully got the event url and weight class of the fight of Sam Adkins vs Keith Mielke in event date February 16, 1996
2025-09-05 21:29:35,042 [INFO] successfully got the event url and weight class of the fight of Zarrukh Adashev vs Tyson Nam in event date June 13, 2020
2025-09-05 21:29:35,157 [INFO] successfully got the event url and weight class of the fight of David Abbott vs Oleg Taktarov in event date July 14, 1995
2025-09-05 21:29:35,273 [INFO] Fetched (Records) http://ufcstats.com/fighter-details/ebc5af72ad5a28cb successfuly
2025-09-05 21:29:35,401 [INFO] successfully got the event url and weight class of the fight of David Abbott vs Paul Varelans in event date July 14, 1995
2025-09-05 21:29:35,602 [INFO] Fetched (Records) http://ufcstats.com/fighter-details/26f4288e83188c61 successfuly
2025-09-05 21:29:35,695 [INFO] Fetched (Records) http://ufcstats.com/fighter-details/a08ddd04eaffd81d successfuly
2025-09-05 21:29:35,791 [INFO] successfully got the event url and weight class of the fight of Nick Agallar vs Yves Edwards in event date November 21, 2003
2025-09-05 21:29:35,842 [INFO] successfully got the event url and weight class of the fight of Israel Adesanya vs Alex Pereira in event date April 08, 2023
2025-09-05 21:29:35,948 [INFO] successfully got the event url and weight class of the fight of David Abbott vs John Matua in event date July 14, 1995
2025-09-05 21:29:36,522 [INFO] Fetched (Records) http://ufcstats.com/fighter-details/501821d7fb7b95c1 successfuly
2025-09-05 21:29:36,585 [INFO] Fetched (Records) http://ufcstats.com/fighter-details/44aa652b181bcf68 successfuly
2025-09-05 21:29:36,604 [INFO] Fetched (Records) http://ufcstats.com/fighter-details/6cadc0a0ba7dc015 successfuly
2025-09-05 21:29:36,785 [INFO] successfully got the event url and weight class of the fight of Israel Adesanya vs Alex Pereira in event date November 12, 2022
2025-09-05 21:29:36,802 [INFO] successfully got the event url and weight class of the fight of Mariya Agapova vs Luana Santos in event date July 13, 2024
2025-09-05 21:29:37,287 [INFO] successfully got the event url and weight class of the fight of Marcelo Aguiar vs Matt Hughes in event date June 09, 2000
2025-09-05 21:29:37,459 [INFO] Fetched (Records) http://ufcstats.com/fighter-details/8f382b3baa954d2a successfuly
2025-09-05 21:29:37,599 [INFO] Fetched (Records) http://ufcstats.com/fighter-details/cf946e03ba2e7666 successfuly
2025-09-05 21:29:37,627 [INFO] successfully got the event url and weight class of the fight of Israel Adesanya vs Jared Cannonier in event date July 02, 2022
2025-09-05 21:29:37,683 [INFO] successfully got the event url and weight class of the fight of Mariya Agapova vs Gillian Robertson in event date September 17, 2022
2025-09-05 21:29:37,971 [INFO] Fetched (Records) http://ufcstats.com/fighter-details/c051c2e12d692b8a successfuly
2025-09-05 21:29:38,592 [INFO] successfully got the event url and weight class of the fight of Mariya Agapova vs Maryna Moroz in event date March 05, 2022
2025-09-05 21:29:38,594 [INFO] successfully got the event url and weight class of the fight of Kevin Aguilar vs Tucker Lutz in event date May 15, 2021
2025-09-05 21:29:38,598 [INFO] successfully got the event url and weight class of the fight of Israel Adesanya vs Robert Whittaker in event date February 12, 2022
2025-09-05 21:29:38,660 [INFO] successfully got the event url and weight class of the fight of Jessica Aguilar vs Marina Rodriguez in event date March 30, 2019
2025-09-05 21:29:38,752 [INFO] successfully got the event url and weight class of the fight of Jesus Aguilar vs Rafael Estevam in event date February 15, 2025
2025-09-05 21:29:38,914 [INFO] successfully got the event url and weight class of the fight of Kevin Aguilar vs Charles Rosa in event date June 13, 2020
2025-09-05 21:29:39,025 [INFO] successfully got the event url and weight class of the fight of Jesus Aguilar vs Stewart Nicoll in event date August 17, 2024
2025-09-05 21:29:39,445 [INFO] successfully got the event url and weight class of the fight of Mariya Agapova vs Sabina Mazo in event date October 09, 2021
2025-09-05 21:29:39,637 [INFO] successfully got the event url and weight class of the fight of Kevin Aguilar vs Zubaira Tukhugov in event date February 22, 2020
2025-09-05 21:29:39,674 [INFO] successfully got the event url and weight class of the fight of Israel Adesanya vs Marvin Vettori in event date June 12, 2021
2025-09-05 21:29:39,686 [INFO] successfully got the event url and weight class of the fight of Jessica Aguilar vs Zhang Weili in event date November 24, 2018
2025-09-05 21:29:39,795 [INFO] successfully got the event url and weight class of the fight of Jesus Aguilar vs Mateus Mendonca in event date February 24, 2024
2025-09-05 21:29:40,107 [INFO] successfully got the event url and weight class of the fight of Mariya Agapova vs Shana Dobson in event date August 22, 2020
2025-09-05 21:29:40,164 [INFO] successfully got the event url and weight class of the fight of Jessica Aguilar vs Jodie Esquibel in event date July 14, 2018
2025-09-05 21:29:40,224 [INFO] successfully got the event url and weight class of the fight of Kevin Aguilar vs Dan Ige in event date June 22, 2019
2025-09-05 21:29:40,301 [INFO] successfully got the event url and weight class of the fight of Israel Adesanya vs Jan Blachowicz in event date March 06, 2021
2025-09-05 21:29:40,621 [INFO] successfully got the event url and weight class of the fight of Mariya Agapova vs Hannah Cifers in event date June 13, 2020
2025-09-05 21:29:40,795 [INFO] successfully got the event url and weight class of the fight of Jesus Aguilar vs Shannon Ross in event date July 08, 2023
2025-09-05 21:29:40,880 [INFO] successfully got the event url and weight class of the fight of Israel Adesanya vs Paulo Costa in event date September 26, 2020
2025-09-05 21:29:40,906 [INFO] successfully got the event url and weight class of the fight of Kevin Aguilar vs Enrique Barzola in event date March 30, 2019
2025-09-05 21:29:41,010 [INFO] successfully got the event url and weight class of the fight of Jessica Aguilar vs Cortney Casey in event date May 13, 2017
2025-09-05 21:29:41,403 [INFO] successfully got the event url and weight class of the fight of Jesus Aguilar vs Tatsuro Taira in event date February 04, 2023
2025-09-05 21:29:41,662 [INFO] successfully got the event url and weight class of the fight of Jessica Aguilar vs Claudia Gadelha in event date August 01, 2015
2025-09-05 21:29:41,701 [INFO] Fetched (Records) http://ufcstats.com/fighter-details/ae071698e1a3ccd4 successfuly
2025-09-05 21:29:41,752 [INFO] successfully got the event url and weight class of the fight of Kevin Aguilar vs Ricky Glenn in event date November 30, 2018
